<?xml version="1.0" encoding="UTF-8"?>
<!-- Generated by org.testng.reporters.JUnitXMLReporter -->
<testsuite ignored="0" hostname="Aswins-MacBook-Air.local" failures="0" tests="41" name="Default test" time="0.97" errors="0" timestamp="2024-02-05T09:15:03 EST">
  <testcase classname="com.assignment.test.PrimeNumberTest" name="testFindPrimesInRange" time="0.014"/>
  <testcase classname="com.assignment.test.PrimeNumberTest" name="testFindPrimesInRange" time="0.001"/>
  <testcase classname="com.assignment.test.PrimeNumberTest" name="testFindPrimesInRange" time="0.001"/>
  <testcase classname="com.assignment.test.PrimeNumberTest" name="testFindPrimesInRange" time="0.002"/>
  <testcase classname="com.assignment.test.PrimeNumberTest" name="testFindPrimesInRange" time="0.001"/>
  <testcase classname="com.assignment.test.PrimeNumberTest" name="testFindPrimesInRange" time="0.002"/>
  <testcase classname="com.assignment.test.PrimeNumberTest" name="testFindPrimesInRange" time="0.002"/>
  <testcase classname="com.assignment.test.PrimeNumberTest" name="testFindPrimesInRange" time="0.001"/>
  <testcase classname="com.assignment.test.PrimeNumberTest" name="testFindPrimesInRange" time="0.002"/>
  <testcase classname="com.assignment.test.PrimeNumberTest" name="testFindPrimesInRange" time="0.001"/>
  <testcase classname="com.assignment.test.PrimeNumberTest" name="testFindPrimesInRange" time="0.002"/>
  <testcase classname="com.assignment.test.PrimeNumberTest" name="testFindPrimesInRange" time="0.001"/>
  <testcase classname="com.assignment.test.PrimeNumberTest" name="testFindPrimesInRange" time="0.001"/>
  <testcase classname="com.assignment.test.PrimeNumberTest" name="testFindPrimesInRange" time="0.001"/>
  <testcase classname="com.assignment.test.PrimeNumberTest" name="testFindPrimesInRange" time="0.001"/>
  <testcase classname="com.assignment.test.PrimeNumberTest" name="testFindPrimesInRange" time="0.002"/>
  <testcase classname="com.assignment.test.PrimeNumberTest" name="testFindPrimesInRange" time="0.002"/>
  <testcase classname="com.assignment.test.PrimeNumberTest" name="testFindPrimesInRange" time="0.002"/>
  <testcase classname="com.assignment.test.PrimeNumberTest" name="testFindPrimesInRange" time="0.002"/>
  <testcase classname="com.assignment.test.PrimeNumberTest" name="testFindPrimesInRange" time="0.001"/>
  <testcase classname="com.assignment.test.PrimeNumberTest" name="testFindPrimesInRange" time="0.001"/>
  <testcase classname="com.assignment.test.PrimeNumberTest" name="testFindPrimesInRange" time="0.002"/>
  <testcase classname="com.assignment.test.PrimeNumberTest" name="testFindPrimesInRange" time="0.001"/>
  <testcase classname="com.assignment.test.PrimeNumberTest" name="testFindPrimesInRange" time="0.001"/>
  <testcase classname="com.assignment.test.PrimeNumberTest" name="testFindPrimesInRange" time="0.002"/>
  <testcase classname="com.assignment.test.PrimeNumberTest" name="testFindPrimesInRange" time="0.001"/>
  <testcase classname="com.assignment.test.PrimeNumberTest" name="testFindPrimesInRange" time="0.001"/>
  <testcase classname="com.assignment.test.PrimeNumberTest" name="testFindPrimesInRange" time="0.0"/>
  <testcase classname="com.assignment.test.PrimeNumberTest" name="testFindPrimesInRange" time="0.001"/>
  <testcase classname="com.assignment.test.PrimeNumberTest" name="testFindPrimesInRange" time="0.001"/>
  <testcase classname="com.assignment.test.PrimeNumberTest" name="testFindPrimesInRange" time="0.001"/>
  <testcase classname="com.assignment.test.PrimeNumberTest" name="testFindPrimesInRange" time="0.001"/>
  <testcase classname="com.assignment.test.PrimeNumberTest" name="testFindPrimesInRange" time="0.002"/>
  <testcase classname="com.assignment.test.PrimeNumberTest" name="testFindPrimesInRange" time="0.001"/>
  <testcase classname="com.assignment.test.PrimeNumberTest" name="testFindPrimesInRange" time="0.001"/>
  <testcase classname="com.assignment.test.PrimeNumberTest" name="testFindPrimesInRange" time="0.002"/>
  <testcase classname="com.assignment.test.PrimeNumberTest" name="testFindPrimesInRange" time="0.001"/>
  <testcase classname="com.assignment.test.PrimeNumberTest" name="testFindPrimesInRange" time="0.001"/>
  <testcase classname="com.assignment.test.PrimeNumberTest" name="testFindPrimesInRange" time="0.002"/>
  <testcase classname="com.assignment.test.PrimeNumberTest" name="testFindPrimesInRange" time="0.001"/>
  <testcase classname="com.assignment.test.PrimeNumberTest" name="testFindPrimesInRange" time="0.001"/>
</testsuite> <!-- Default test -->
