<?xml version="1.0" encoding="UTF-8"?>
<testng-results ignored="0" total="19" passed="19" failed="0" skipped="0">
  <reporter-output>
  </reporter-output>
  <suite started-at="2024-02-05T01:57:27 EST" name="Default suite" finished-at="2024-02-05T01:57:28 EST" duration-ms="755">
    <groups>
    </groups>
    <test started-at="2024-02-05T01:57:27 EST" name="Default test" finished-at="2024-02-05T01:57:28 EST" duration-ms="755">
      <class name="com.assignment.test.PrimeNumberTest">
        <test-method is-config="true" signature="setUp()[pri:0, instance:com.assignment.test.PrimeNumberTest@17497425]" started-at="2024-02-05T01:57:27 EST" name="setUp" finished-at="2024-02-05T01:57:27 EST" duration-ms="7" status="PASS">
          <reporter-output>
          </reporter-output>
        </test-method> <!-- setUp -->
        <test-method signature="testFindPrimesInRange(java.lang.Integer,java.lang.Integer)[pri:0, instance:com.assignment.test.PrimeNumberTest@17497425]" started-at="2024-02-05T01:57:27 EST" name="testFindPrimesInRange" data-provider="testData" finished-at="2024-02-05T01:57:27 EST" duration-ms="11" status="PASS">
          <params>
            <param index="0">
              <value is-null="true"/>
            </param>
            <param index="1">
              <value>
                <![CDATA[20]]>
              </value>
            </param>
          </params>
          <reporter-output>
          </reporter-output>
        </test-method> <!-- testFindPrimesInRange -->
        <test-method is-config="true" signature="tearDown()[pri:0, instance:com.assignment.test.PrimeNumberTest@17497425]" started-at="2024-02-05T01:57:27 EST" name="tearDown" finished-at="2024-02-05T01:57:27 EST" duration-ms="305" status="PASS">
          <reporter-output>
          </reporter-output>
        </test-method> <!-- tearDown -->
        <test-method is-config="true" signature="setUp()[pri:0, instance:com.assignment.test.PrimeNumberTest@17497425]" started-at="2024-02-05T01:57:27 EST" name="setUp" finished-at="2024-02-05T01:57:27 EST" duration-ms="1" status="PASS">
          <reporter-output>
          </reporter-output>
        </test-method> <!-- setUp -->
        <test-method signature="testFindPrimesInRange(java.lang.Integer,java.lang.Integer)[pri:0, instance:com.assignment.test.PrimeNumberTest@17497425]" started-at="2024-02-05T01:57:27 EST" name="testFindPrimesInRange" data-provider="testData" finished-at="2024-02-05T01:57:27 EST" duration-ms="2" status="PASS">
          <params>
            <param index="0">
              <value is-null="true"/>
            </param>
            <param index="1">
              <value is-null="true"/>
            </param>
          </params>
          <reporter-output>
          </reporter-output>
        </test-method> <!-- testFindPrimesInRange -->
        <test-method is-config="true" signature="tearDown()[pri:0, instance:com.assignment.test.PrimeNumberTest@17497425]" started-at="2024-02-05T01:57:27 EST" name="tearDown" finished-at="2024-02-05T01:57:27 EST" duration-ms="15" status="PASS">
          <reporter-output>
          </reporter-output>
        </test-method> <!-- tearDown -->
        <test-method is-config="true" signature="setUp()[pri:0, instance:com.assignment.test.PrimeNumberTest@17497425]" started-at="2024-02-05T01:57:27 EST" name="setUp" finished-at="2024-02-05T01:57:27 EST" duration-ms="1" status="PASS">
          <reporter-output>
          </reporter-output>
        </test-method> <!-- setUp -->
        <test-method signature="testFindPrimesInRange(java.lang.Integer,java.lang.Integer)[pri:0, instance:com.assignment.test.PrimeNumberTest@17497425]" started-at="2024-02-05T01:57:27 EST" name="testFindPrimesInRange" data-provider="testData" finished-at="2024-02-05T01:57:27 EST" duration-ms="2" status="PASS">
          <params>
            <param index="0">
              <value>
                <![CDATA[4]]>
              </value>
            </param>
            <param index="1">
              <value is-null="true"/>
            </param>
          </params>
          <reporter-output>
          </reporter-output>
        </test-method> <!-- testFindPrimesInRange -->
        <test-method is-config="true" signature="tearDown()[pri:0, instance:com.assignment.test.PrimeNumberTest@17497425]" started-at="2024-02-05T01:57:27 EST" name="tearDown" finished-at="2024-02-05T01:57:27 EST" duration-ms="18" status="PASS">
          <reporter-output>
          </reporter-output>
        </test-method> <!-- tearDown -->
        <test-method is-config="true" signature="setUp()[pri:0, instance:com.assignment.test.PrimeNumberTest@17497425]" started-at="2024-02-05T01:57:27 EST" name="setUp" finished-at="2024-02-05T01:57:27 EST" duration-ms="1" status="PASS">
          <reporter-output>
          </reporter-output>
        </test-method> <!-- setUp -->
        <test-method signature="testFindPrimesInRange(java.lang.Integer,java.lang.Integer)[pri:0, instance:com.assignment.test.PrimeNumberTest@17497425]" started-at="2024-02-05T01:57:27 EST" name="testFindPrimesInRange" data-provider="testData" finished-at="2024-02-05T01:57:27 EST" duration-ms="2" status="PASS">
          <params>
            <param index="0">
              <value>
                <![CDATA[5]]>
              </value>
            </param>
            <param index="1">
              <value>
                <![CDATA[100]]>
              </value>
            </param>
          </params>
          <reporter-output>
          </reporter-output>
        </test-method> <!-- testFindPrimesInRange -->
        <test-method is-config="true" signature="tearDown()[pri:0, instance:com.assignment.test.PrimeNumberTest@17497425]" started-at="2024-02-05T01:57:27 EST" name="tearDown" finished-at="2024-02-05T01:57:27 EST" duration-ms="17" status="PASS">
          <reporter-output>
          </reporter-output>
        </test-method> <!-- tearDown -->
        <test-method is-config="true" signature="setUp()[pri:0, instance:com.assignment.test.PrimeNumberTest@17497425]" started-at="2024-02-05T01:57:27 EST" name="setUp" finished-at="2024-02-05T01:57:27 EST" duration-ms="1" status="PASS">
          <reporter-output>
          </reporter-output>
        </test-method> <!-- setUp -->
        <test-method signature="testFindPrimesInRange(java.lang.Integer,java.lang.Integer)[pri:0, instance:com.assignment.test.PrimeNumberTest@17497425]" started-at="2024-02-05T01:57:27 EST" name="testFindPrimesInRange" data-provider="testData" finished-at="2024-02-05T01:57:27 EST" duration-ms="2" status="PASS">
          <params>
            <param index="0">
              <value>
                <![CDATA[1]]>
              </value>
            </param>
            <param index="1">
              <value>
                <![CDATA[50]]>
              </value>
            </param>
          </params>
          <reporter-output>
          </reporter-output>
        </test-method> <!-- testFindPrimesInRange -->
        <test-method is-config="true" signature="tearDown()[pri:0, instance:com.assignment.test.PrimeNumberTest@17497425]" started-at="2024-02-05T01:57:27 EST" name="tearDown" finished-at="2024-02-05T01:57:27 EST" duration-ms="13" status="PASS">
          <reporter-output>
          </reporter-output>
        </test-method> <!-- tearDown -->
        <test-method is-config="true" signature="setUp()[pri:0, instance:com.assignment.test.PrimeNumberTest@17497425]" started-at="2024-02-05T01:57:27 EST" name="setUp" finished-at="2024-02-05T01:57:27 EST" duration-ms="1" status="PASS">
          <reporter-output>
          </reporter-output>
        </test-method> <!-- setUp -->
        <test-method signature="testFindPrimesInRange(java.lang.Integer,java.lang.Integer)[pri:0, instance:com.assignment.test.PrimeNumberTest@17497425]" started-at="2024-02-05T01:57:27 EST" name="testFindPrimesInRange" data-provider="testData" finished-at="2024-02-05T01:57:27 EST" duration-ms="2" status="PASS">
          <params>
            <param index="0">
              <value>
                <![CDATA[10]]>
              </value>
            </param>
            <param index="1">
              <value>
                <![CDATA[200]]>
              </value>
            </param>
          </params>
          <reporter-output>
          </reporter-output>
        </test-method> <!-- testFindPrimesInRange -->
        <test-method is-config="true" signature="tearDown()[pri:0, instance:com.assignment.test.PrimeNumberTest@17497425]" started-at="2024-02-05T01:57:27 EST" name="tearDown" finished-at="2024-02-05T01:57:28 EST" duration-ms="22" status="PASS">
          <reporter-output>
          </reporter-output>
        </test-method> <!-- tearDown -->
        <test-method is-config="true" signature="setUp()[pri:0, instance:com.assignment.test.PrimeNumberTest@17497425]" started-at="2024-02-05T01:57:28 EST" name="setUp" finished-at="2024-02-05T01:57:28 EST" duration-ms="1" status="PASS">
          <reporter-output>
          </reporter-output>
        </test-method> <!-- setUp -->
        <test-method signature="testFindPrimesInRange(java.lang.Integer,java.lang.Integer)[pri:0, instance:com.assignment.test.PrimeNumberTest@17497425]" started-at="2024-02-05T01:57:28 EST" name="testFindPrimesInRange" data-provider="testData" finished-at="2024-02-05T01:57:28 EST" duration-ms="2" status="PASS">
          <params>
            <param index="0">
              <value>
                <![CDATA[20]]>
              </value>
            </param>
            <param index="1">
              <value>
                <![CDATA[25]]>
              </value>
            </param>
          </params>
          <reporter-output>
          </reporter-output>
        </test-method> <!-- testFindPrimesInRange -->
        <test-method is-config="true" signature="tearDown()[pri:0, instance:com.assignment.test.PrimeNumberTest@17497425]" started-at="2024-02-05T01:57:28 EST" name="tearDown" finished-at="2024-02-05T01:57:28 EST" duration-ms="15" status="PASS">
          <reporter-output>
          </reporter-output>
        </test-method> <!-- tearDown -->
        <test-method is-config="true" signature="setUp()[pri:0, instance:com.assignment.test.PrimeNumberTest@17497425]" started-at="2024-02-05T01:57:28 EST" name="setUp" finished-at="2024-02-05T01:57:28 EST" duration-ms="1" status="PASS">
          <reporter-output>
          </reporter-output>
        </test-method> <!-- setUp -->
        <test-method signature="testFindPrimesInRange(java.lang.Integer,java.lang.Integer)[pri:0, instance:com.assignment.test.PrimeNumberTest@17497425]" started-at="2024-02-05T01:57:28 EST" name="testFindPrimesInRange" data-provider="testData" finished-at="2024-02-05T01:57:28 EST" duration-ms="2" status="PASS">
          <params>
            <param index="0">
              <value>
                <![CDATA[5]]>
              </value>
            </param>
            <param index="1">
              <value>
                <![CDATA[5]]>
              </value>
            </param>
          </params>
          <reporter-output>
          </reporter-output>
        </test-method> <!-- testFindPrimesInRange -->
        <test-method is-config="true" signature="tearDown()[pri:0, instance:com.assignment.test.PrimeNumberTest@17497425]" started-at="2024-02-05T01:57:28 EST" name="tearDown" finished-at="2024-02-05T01:57:28 EST" duration-ms="18" status="PASS">
          <reporter-output>
          </reporter-output>
        </test-method> <!-- tearDown -->
        <test-method is-config="true" signature="setUp()[pri:0, instance:com.assignment.test.PrimeNumberTest@17497425]" started-at="2024-02-05T01:57:28 EST" name="setUp" finished-at="2024-02-05T01:57:28 EST" duration-ms="1" status="PASS">
          <reporter-output>
          </reporter-output>
        </test-method> <!-- setUp -->
        <test-method signature="testFindPrimesInRange(java.lang.Integer,java.lang.Integer)[pri:0, instance:com.assignment.test.PrimeNumberTest@17497425]" started-at="2024-02-05T01:57:28 EST" name="testFindPrimesInRange" data-provider="testData" finished-at="2024-02-05T01:57:28 EST" duration-ms="3" status="PASS">
          <params>
            <param index="0">
              <value>
                <![CDATA[88]]>
              </value>
            </param>
            <param index="1">
              <value>
                <![CDATA[1000]]>
              </value>
            </param>
          </params>
          <reporter-output>
          </reporter-output>
        </test-method> <!-- testFindPrimesInRange -->
        <test-method is-config="true" signature="tearDown()[pri:0, instance:com.assignment.test.PrimeNumberTest@17497425]" started-at="2024-02-05T01:57:28 EST" name="tearDown" finished-at="2024-02-05T01:57:28 EST" duration-ms="15" status="PASS">
          <reporter-output>
          </reporter-output>
        </test-method> <!-- tearDown -->
        <test-method is-config="true" signature="setUp()[pri:0, instance:com.assignment.test.PrimeNumberTest@17497425]" started-at="2024-02-05T01:57:28 EST" name="setUp" finished-at="2024-02-05T01:57:28 EST" duration-ms="0" status="PASS">
          <reporter-output>
          </reporter-output>
        </test-method> <!-- setUp -->
        <test-method signature="testFindPrimesInRange(java.lang.Integer,java.lang.Integer)[pri:0, instance:com.assignment.test.PrimeNumberTest@17497425]" started-at="2024-02-05T01:57:28 EST" name="testFindPrimesInRange" data-provider="testData" finished-at="2024-02-05T01:57:28 EST" duration-ms="1" status="PASS">
          <params>
            <param index="0">
              <value>
                <![CDATA[0]]>
              </value>
            </param>
            <param index="1">
              <value>
                <![CDATA[0]]>
              </value>
            </param>
          </params>
          <reporter-output>
          </reporter-output>
        </test-method> <!-- testFindPrimesInRange -->
        <test-method is-config="true" signature="tearDown()[pri:0, instance:com.assignment.test.PrimeNumberTest@17497425]" started-at="2024-02-05T01:57:28 EST" name="tearDown" finished-at="2024-02-05T01:57:28 EST" duration-ms="15" status="PASS">
          <reporter-output>
          </reporter-output>
        </test-method> <!-- tearDown -->
        <test-method is-config="true" signature="setUp()[pri:0, instance:com.assignment.test.PrimeNumberTest@17497425]" started-at="2024-02-05T01:57:28 EST" name="setUp" finished-at="2024-02-05T01:57:28 EST" duration-ms="1" status="PASS">
          <reporter-output>
          </reporter-output>
        </test-method> <!-- setUp -->
        <test-method signature="testFindPrimesInRange(java.lang.Integer,java.lang.Integer)[pri:0, instance:com.assignment.test.PrimeNumberTest@17497425]" started-at="2024-02-05T01:57:28 EST" name="testFindPrimesInRange" data-provider="testData" finished-at="2024-02-05T01:57:28 EST" duration-ms="1" status="PASS">
          <params>
            <param index="0">
              <value>
                <![CDATA[9]]>
              </value>
            </param>
            <param index="1">
              <value>
                <![CDATA[0]]>
              </value>
            </param>
          </params>
          <reporter-output>
          </reporter-output>
        </test-method> <!-- testFindPrimesInRange -->
        <test-method is-config="true" signature="tearDown()[pri:0, instance:com.assignment.test.PrimeNumberTest@17497425]" started-at="2024-02-05T01:57:28 EST" name="tearDown" finished-at="2024-02-05T01:57:28 EST" duration-ms="15" status="PASS">
          <reporter-output>
          </reporter-output>
        </test-method> <!-- tearDown -->
        <test-method is-config="true" signature="setUp()[pri:0, instance:com.assignment.test.PrimeNumberTest@17497425]" started-at="2024-02-05T01:57:28 EST" name="setUp" finished-at="2024-02-05T01:57:28 EST" duration-ms="1" status="PASS">
          <reporter-output>
          </reporter-output>
        </test-method> <!-- setUp -->
        <test-method signature="testFindPrimesInRange(java.lang.Integer,java.lang.Integer)[pri:0, instance:com.assignment.test.PrimeNumberTest@17497425]" started-at="2024-02-05T01:57:28 EST" name="testFindPrimesInRange" data-provider="testData" finished-at="2024-02-05T01:57:28 EST" duration-ms="2" status="PASS">
          <params>
            <param index="0">
              <value>
                <![CDATA[0]]>
              </value>
            </param>
            <param index="1">
              <value>
                <![CDATA[7]]>
              </value>
            </param>
          </params>
          <reporter-output>
          </reporter-output>
        </test-method> <!-- testFindPrimesInRange -->
        <test-method is-config="true" signature="tearDown()[pri:0, instance:com.assignment.test.PrimeNumberTest@17497425]" started-at="2024-02-05T01:57:28 EST" name="tearDown" finished-at="2024-02-05T01:57:28 EST" duration-ms="15" status="PASS">
          <reporter-output>
          </reporter-output>
        </test-method> <!-- tearDown -->
        <test-method is-config="true" signature="setUp()[pri:0, instance:com.assignment.test.PrimeNumberTest@17497425]" started-at="2024-02-05T01:57:28 EST" name="setUp" finished-at="2024-02-05T01:57:28 EST" duration-ms="1" status="PASS">
          <reporter-output>
          </reporter-output>
        </test-method> <!-- setUp -->
        <test-method signature="testFindPrimesInRange(java.lang.Integer,java.lang.Integer)[pri:0, instance:com.assignment.test.PrimeNumberTest@17497425]" started-at="2024-02-05T01:57:28 EST" name="testFindPrimesInRange" data-provider="testData" finished-at="2024-02-05T01:57:28 EST" duration-ms="1" status="PASS">
          <params>
            <param index="0">
              <value>
                <![CDATA[3]]>
              </value>
            </param>
            <param index="1">
              <value>
                <![CDATA[1]]>
              </value>
            </param>
          </params>
          <reporter-output>
          </reporter-output>
        </test-method> <!-- testFindPrimesInRange -->
        <test-method is-config="true" signature="tearDown()[pri:0, instance:com.assignment.test.PrimeNumberTest@17497425]" started-at="2024-02-05T01:57:28 EST" name="tearDown" finished-at="2024-02-05T01:57:28 EST" duration-ms="14" status="PASS">
          <reporter-output>
          </reporter-output>
        </test-method> <!-- tearDown -->
        <test-method signature="testFindPrimesInRange(java.lang.Integer,java.lang.Integer)[pri:0, instance:com.assignment.test.PrimeNumberTest@17497425]" started-at="2024-02-05T01:57:28 EST" name="testFindPrimesInRange" data-provider="testData" finished-at="2024-02-05T01:57:28 EST" duration-ms="2" status="PASS">
          <params>
            <param index="0">
              <value>
                <![CDATA[13]]>
              </value>
            </param>
            <param index="1">
              <value>
                <![CDATA[13]]>
              </value>
            </param>
          </params>
          <reporter-output>
          </reporter-output>
        </test-method> <!-- testFindPrimesInRange -->
        <test-method is-config="true" signature="setUp()[pri:0, instance:com.assignment.test.PrimeNumberTest@17497425]" started-at="2024-02-05T01:57:28 EST" name="setUp" finished-at="2024-02-05T01:57:28 EST" duration-ms="0" status="PASS">
          <reporter-output>
          </reporter-output>
        </test-method> <!-- setUp -->
        <test-method is-config="true" signature="tearDown()[pri:0, instance:com.assignment.test.PrimeNumberTest@17497425]" started-at="2024-02-05T01:57:28 EST" name="tearDown" finished-at="2024-02-05T01:57:28 EST" duration-ms="17" status="PASS">
          <reporter-output>
          </reporter-output>
        </test-method> <!-- tearDown -->
        <test-method is-config="true" signature="setUp()[pri:0, instance:com.assignment.test.PrimeNumberTest@17497425]" started-at="2024-02-05T01:57:28 EST" name="setUp" finished-at="2024-02-05T01:57:28 EST" duration-ms="1" status="PASS">
          <reporter-output>
          </reporter-output>
        </test-method> <!-- setUp -->
        <test-method signature="testFindPrimesInRange(java.lang.Integer,java.lang.Integer)[pri:0, instance:com.assignment.test.PrimeNumberTest@17497425]" started-at="2024-02-05T01:57:28 EST" name="testFindPrimesInRange" data-provider="testData" finished-at="2024-02-05T01:57:28 EST" duration-ms="2" status="PASS">
          <params>
            <param index="0">
              <value>
                <![CDATA[-5]]>
              </value>
            </param>
            <param index="1">
              <value>
                <![CDATA[10]]>
              </value>
            </param>
          </params>
          <reporter-output>
          </reporter-output>
        </test-method> <!-- testFindPrimesInRange -->
        <test-method is-config="true" signature="tearDown()[pri:0, instance:com.assignment.test.PrimeNumberTest@17497425]" started-at="2024-02-05T01:57:28 EST" name="tearDown" finished-at="2024-02-05T01:57:28 EST" duration-ms="15" status="PASS">
          <reporter-output>
          </reporter-output>
        </test-method> <!-- tearDown -->
        <test-method is-config="true" signature="setUp()[pri:0, instance:com.assignment.test.PrimeNumberTest@17497425]" started-at="2024-02-05T01:57:28 EST" name="setUp" finished-at="2024-02-05T01:57:28 EST" duration-ms="1" status="PASS">
          <reporter-output>
          </reporter-output>
        </test-method> <!-- setUp -->
        <test-method signature="testFindPrimesInRange(java.lang.Integer,java.lang.Integer)[pri:0, instance:com.assignment.test.PrimeNumberTest@17497425]" started-at="2024-02-05T01:57:28 EST" name="testFindPrimesInRange" data-provider="testData" finished-at="2024-02-05T01:57:28 EST" duration-ms="2" status="PASS">
          <params>
            <param index="0">
              <value>
                <![CDATA[14]]>
              </value>
            </param>
            <param index="1">
              <value>
                <![CDATA[33]]>
              </value>
            </param>
          </params>
          <reporter-output>
          </reporter-output>
        </test-method> <!-- testFindPrimesInRange -->
        <test-method is-config="true" signature="tearDown()[pri:0, instance:com.assignment.test.PrimeNumberTest@17497425]" started-at="2024-02-05T01:57:28 EST" name="tearDown" finished-at="2024-02-05T01:57:28 EST" duration-ms="20" status="PASS">
          <reporter-output>
          </reporter-output>
        </test-method> <!-- tearDown -->
        <test-method is-config="true" signature="setUp()[pri:0, instance:com.assignment.test.PrimeNumberTest@17497425]" started-at="2024-02-05T01:57:28 EST" name="setUp" finished-at="2024-02-05T01:57:28 EST" duration-ms="1" status="PASS">
          <reporter-output>
          </reporter-output>
        </test-method> <!-- setUp -->
        <test-method signature="testFindPrimesInRange(java.lang.Integer,java.lang.Integer)[pri:0, instance:com.assignment.test.PrimeNumberTest@17497425]" started-at="2024-02-05T01:57:28 EST" name="testFindPrimesInRange" data-provider="testData" finished-at="2024-02-05T01:57:28 EST" duration-ms="2" status="PASS">
          <params>
            <param index="0">
              <value>
                <![CDATA[-333]]>
              </value>
            </param>
            <param index="1">
              <value>
                <![CDATA[10]]>
              </value>
            </param>
          </params>
          <reporter-output>
          </reporter-output>
        </test-method> <!-- testFindPrimesInRange -->
        <test-method is-config="true" signature="tearDown()[pri:0, instance:com.assignment.test.PrimeNumberTest@17497425]" started-at="2024-02-05T01:57:28 EST" name="tearDown" finished-at="2024-02-05T01:57:28 EST" duration-ms="19" status="PASS">
          <reporter-output>
          </reporter-output>
        </test-method> <!-- tearDown -->
        <test-method signature="testFindPrimesInRange(java.lang.Integer,java.lang.Integer)[pri:0, instance:com.assignment.test.PrimeNumberTest@17497425]" started-at="2024-02-05T01:57:28 EST" name="testFindPrimesInRange" data-provider="testData" finished-at="2024-02-05T01:57:28 EST" duration-ms="2" status="PASS">
          <params>
            <param index="0">
              <value>
                <![CDATA[-30]]>
              </value>
            </param>
            <param index="1">
              <value>
                <![CDATA[20]]>
              </value>
            </param>
          </params>
          <reporter-output>
          </reporter-output>
        </test-method> <!-- testFindPrimesInRange -->
        <test-method is-config="true" signature="setUp()[pri:0, instance:com.assignment.test.PrimeNumberTest@17497425]" started-at="2024-02-05T01:57:28 EST" name="setUp" finished-at="2024-02-05T01:57:28 EST" duration-ms="0" status="PASS">
          <reporter-output>
          </reporter-output>
        </test-method> <!-- setUp -->
        <test-method is-config="true" signature="tearDown()[pri:0, instance:com.assignment.test.PrimeNumberTest@17497425]" started-at="2024-02-05T01:57:28 EST" name="tearDown" finished-at="2024-02-05T01:57:28 EST" duration-ms="14" status="PASS">
          <reporter-output>
          </reporter-output>
        </test-method> <!-- tearDown -->
        <test-method is-config="true" signature="setUp()[pri:0, instance:com.assignment.test.PrimeNumberTest@17497425]" started-at="2024-02-05T01:57:28 EST" name="setUp" finished-at="2024-02-05T01:57:28 EST" duration-ms="1" status="PASS">
          <reporter-output>
          </reporter-output>
        </test-method> <!-- setUp -->
        <test-method signature="testFindPrimesInRange(java.lang.Integer,java.lang.Integer)[pri:0, instance:com.assignment.test.PrimeNumberTest@17497425]" started-at="2024-02-05T01:57:28 EST" name="testFindPrimesInRange" data-provider="testData" finished-at="2024-02-05T01:57:28 EST" duration-ms="2" status="PASS">
          <params>
            <param index="0">
              <value>
                <![CDATA[-6]]>
              </value>
            </param>
            <param index="1">
              <value>
                <![CDATA[-15]]>
              </value>
            </param>
          </params>
          <reporter-output>
          </reporter-output>
        </test-method> <!-- testFindPrimesInRange -->
        <test-method is-config="true" signature="tearDown()[pri:0, instance:com.assignment.test.PrimeNumberTest@17497425]" started-at="2024-02-05T01:57:28 EST" name="tearDown" finished-at="2024-02-05T01:57:28 EST" duration-ms="15" status="PASS">
          <reporter-output>
          </reporter-output>
        </test-method> <!-- tearDown -->
      </class> <!-- com.assignment.test.PrimeNumberTest -->
    </test> <!-- Default test -->
  </suite> <!-- Default suite -->
</testng-results>
